<?xml version="1.0" encoding="UTF-8"?>
<!-- Generated by org.testng.reporters.JUnitReportReporter -->
<testsuite hostname="WIN-8I04HMP8KBE" failures="0" tests="1" name="Tp_learnings.SampleTest" time="0.012" errors="0" timestamp="2025-06-10T17:15:05 IST" skipped="0">
  <testcase classname="Tp_learnings.SampleTest" name="sampletest" time="0.012"/>
</testsuite> <!-- Tp_learnings.SampleTest -->
